<?xml version="1.0" encoding="UTF-8"?>
<!-- Generated by org.testng.reporters.JUnitReportReporter -->
<testsuite hostname="DESKTOP-3OS9E70" name="com.Automationproject.demoproject1.sampleproject" tests="2" failures="0" timestamp="19 May 2020 10:08:42 GMT" time="29.692" errors="0">
  <testcase name="Test2" time="11.706" classname="com.Automationproject.demoproject1.sampleproject"/>
  <testcase name="Test1" time="17.986" classname="com.Automationproject.demoproject1.sampleproject"/>
</testsuite> <!-- com.Automationproject.demoproject1.sampleproject -->
