<?xml version="1.0" encoding="UTF-8"?>
<!-- Generated by org.testng.reporters.JUnitReportReporter -->
<testsuite skipped="0" hostname="DESKTOP-3OS9E70" name="com.Automationproject.demoproject1.sampleproject" tests="2" failures="0" timestamp="19 May 2020 10:27:46 GMT" time="19.184" errors="0">
  <testcase name="Test1" time="10.792" classname="com.Automationproject.demoproject1.sampleproject"/>
  <testcase name="Test2" time="8.392" classname="com.Automationproject.demoproject1.sampleproject"/>
</testsuite> <!-- com.Automationproject.demoproject1.sampleproject -->
